<?xml version="1.0" encoding="UTF-8"?>
<!-- Generated by org.testng.reporters.JUnitReportReporter -->
<testsuite hostname="LAPTOP-J1HLQ16S" failures="0" tests="1" name="com.taf.testcases.LoginpageTests" time="3.913" errors="0" timestamp="2024-10-29T15:37:44 IST" skipped="0">
  <testcase classname="com.taf.testcases.LoginpageTests" name="test1" time="3.913"/>
</testsuite> <!-- com.taf.testcases.LoginpageTests -->
