<?xml version="1.0" encoding="UTF-8"?>
<!-- Generated by org.testng.reporters.JUnitReportReporter -->
<testsuite hostname="LAPTOP-J1HLQ16S" failures="0" tests="1" name="com.taf.testcases.HomepageTests" time="3.908" errors="0" timestamp="2024-10-29T15:37:44 IST" skipped="0">
  <testcase classname="com.taf.testcases.HomepageTests" name="test2" time="3.908"/>
</testsuite> <!-- com.taf.testcases.HomepageTests -->
