<?xml version="1.0" encoding="UTF-8"?>
<!-- Generated by org.testng.reporters.JUnitReportReporter -->
<testsuite hostname="LAPTOP-J1HLQ16S" failures="0" tests="1" name="com.taf.testcases.HomepageTests" time="5.609" errors="0" timestamp="2024-10-29T17:26:43 IST" skipped="0">
  <testcase classname="com.taf.testcases.HomepageTests" name="test2" time="5.609"/>
</testsuite> <!-- com.taf.testcases.HomepageTests -->
