<?xml version="1.0" encoding="UTF-8"?>
<!-- Generated by org.testng.reporters.JUnitReportReporter -->
<testsuite hostname="LAPTOP-J1HLQ16S" failures="0" tests="2" name="com.taf.testcases.LoginpageTests" time="4.721" errors="0" timestamp="2024-10-28T19:00:40 IST" skipped="0">
  <testcase classname="com.taf.testcases.LoginpageTests" name="test2" time="1.988"/>
  <testcase classname="com.taf.testcases.LoginpageTests" name="test1" time="2.733"/>
</testsuite> <!-- com.taf.testcases.LoginpageTests -->
