<?xml version="1.0" encoding="UTF-8"?>
<!-- Generated by org.testng.reporters.JUnitReportReporter -->
<testsuite hostname="LAPTOP-J1HLQ16S" failures="0" tests="2" name="com.taf.testcases.LoginpageTests" time="6.701" errors="0" timestamp="2024-10-28T19:59:00 IST" skipped="0">
  <testcase classname="com.taf.testcases.LoginpageTests" name="test1" time="2.987"/>
  <testcase classname="com.taf.testcases.LoginpageTests" name="test2" time="3.714"/>
</testsuite> <!-- com.taf.testcases.LoginpageTests -->
