<?xml version="1.0" encoding="UTF-8"?>
<!-- Generated by org.testng.reporters.JUnitReportReporter -->
<testsuite hostname="LAPTOP-J1HLQ16S" failures="0" tests="2" name="com.taf.testcases.LoginpageTests" time="7.169" errors="0" timestamp="2024-10-29T17:50:25 IST" skipped="0">
  <testcase classname="com.taf.testcases.LoginpageTests" name="test1" time="3.729"/>
  <testcase classname="com.taf.testcases.LoginpageTests" name="test3" time="3.440"/>
</testsuite> <!-- com.taf.testcases.LoginpageTests -->
